\BOOKMARK [0][-]{chapter*.1}{PERNYATAAN ORIGINALITAS DAN PUBLIKASI}{}% 1
\BOOKMARK [0][-]{chapter*.2}{LEMBAR PENGESAHAN}{}% 2
\BOOKMARK [0][-]{chapter*.3}{ABSTRAK}{}% 3
\BOOKMARK [0][-]{chapter*.4}{KATA PENGANTAR}{}% 4
\BOOKMARK [0][-]{chapter*.7}{DAFTAR ISI}{}% 5
\BOOKMARK [0][-]{chapter.1}{PENDAHULUAN}{}% 6
\BOOKMARK [1][-]{section.1.1}{Latar Belakang Masalah}{chapter.1}% 7
\BOOKMARK [1][-]{section.1.2}{Rumusan Masalah}{chapter.1}% 8
\BOOKMARK [1][-]{section.1.3}{Batasan Masalah}{chapter.1}% 9
\BOOKMARK [1][-]{section.1.4}{Tujuan Penulisan}{chapter.1}% 10
\BOOKMARK [1][-]{section.1.5}{Metode Penelitian}{chapter.1}% 11
\BOOKMARK [2][-]{subsection.1.5.1}{Perencanaan}{section.1.5}% 12
\BOOKMARK [2][-]{subsection.1.5.2}{Studi Pustaka}{section.1.5}% 13
\BOOKMARK [2][-]{subsection.1.5.3}{Desain Sistem}{section.1.5}% 14
\BOOKMARK [2][-]{subsection.1.5.4}{Pemrograman}{section.1.5}% 15
\BOOKMARK [2][-]{subsection.1.5.5}{Uji Coba}{section.1.5}% 16
\BOOKMARK [1][-]{section.1.6}{Sistematika Penulisan}{chapter.1}% 17
\BOOKMARK [0][-]{chapter.2}{TINJAUAN PUSTAKA}{}% 18
\BOOKMARK [1][-]{section.2.1}{Komputasi Awan dan Amazon Web Service}{chapter.2}% 19
\BOOKMARK [2][-]{subsection.2.1.1}{Pengertian komputasi awan}{section.2.1}% 20
\BOOKMARK [2][-]{subsection.2.1.2}{Layanan Amazon Web Service sebagai komputasi awan publik }{section.2.1}% 21
\BOOKMARK [1][-]{section.2.2}{Bahasa Pemrograman Fungsional dan Metode Pemrograman Fungsional Reaktif}{chapter.2}% 22
\BOOKMARK [2][-]{subsection.2.2.1}{Pemrograman Fungsional}{section.2.2}% 23
\BOOKMARK [2][-]{subsection.2.2.2}{Sejarah Singkat Haskell}{section.2.2}% 24
\BOOKMARK [2][-]{subsection.2.2.3}{Fitur Haskell dan Pembuatan Program dengan Bahasa Haskell}{section.2.2}% 25
\BOOKMARK [2][-]{subsection.2.2.4}{Pengertian dan Metode Functional Reactive Programming \(FRP\)}{section.2.2}% 26
\BOOKMARK [2][-]{subsection.2.2.5}{FRP Menggunakan Pustaka Reflex}{section.2.2}% 27
\BOOKMARK [1][-]{section.2.3}{Pengembangan Aplikasi Desktop GUI dengan Teknologi Web}{chapter.2}% 28
\BOOKMARK [2][-]{subsection.2.3.1}{Aplikasi GUI \(Graphical User Interface\)}{section.2.3}% 29
\BOOKMARK [2][-]{subsection.2.3.2}{Teknologi Web Dengan Bahasa Haskell}{section.2.3}% 30
\BOOKMARK [2][-]{subsection.2.3.3}{Pustaka JSaddle Sebagai Pendukung Pengembangan Aplikasi Desktop GUI dengan Teknologi Web}{section.2.3}% 31
\BOOKMARK [0][-]{chapter.3}{PERANCANGAN DAN IMPLEMENTASI}{}% 32
\BOOKMARK [1][-]{section.3.1}{Gambaran Umum Aplikasi}{chapter.3}% 33
\BOOKMARK [1][-]{section.3.2}{Kebutuhan Perangkat dan Instalasi Aplikasi}{chapter.3}% 34
\BOOKMARK [2][-]{subsection.3.2.1}{Kebutuhan Minimal dan Maksimal Perangkat}{section.3.2}% 35
\BOOKMARK [2][-]{subsection.3.2.2}{Instalasi Aplikasi}{section.3.2}% 36
\BOOKMARK [1][-]{section.3.3}{Tahapan Pembuatan Dan Algoritma Aplikasi}{chapter.3}% 37
\BOOKMARK [2][-]{subsection.3.3.1}{Tahapan Pembuatan Aplikasi}{section.3.3}% 38
\BOOKMARK [2][-]{subsection.3.3.2}{Algoritma Aplikasi}{section.3.3}% 39
\BOOKMARK [1][-]{section.3.4}{Hasil Uji Coba}{chapter.3}% 40
\BOOKMARK [0][-]{chapter.4}{KESIMPULAN DAN SARAN}{}% 41
\BOOKMARK [1][-]{section.4.1}{Kesimpulan}{chapter.4}% 42
\BOOKMARK [1][-]{section.4.2}{Saran}{chapter.4}% 43
\BOOKMARK [0][-]{chapter*.9}{LAMPIRAN}{}% 44
